Standard Commons Logging discovery in action with spring-jcl: please remove commons-logging.jar from classpath in order to avoid potential conflicts
,--.   ,--.,--.                                                  ,--.                      ,------.                      ,--.
|   `.'   |`--' ,---.,--.--. ,---.  ,---. ,---. ,--.--.,--.  ,--.`--' ,---. ,---.  ,-----. |  .---',--.,--.,--.--. ,---. |  |,-. ,--,--.
|  |'.'|  |,--.| .--'|  .--'| .-. |(  .-'| .-. :|  .--' \  `'  / ,--.| .--'| .-. : '-----' |  `--, |  ||  ||  .--'| .-. :|     /' ,-.  |
|  |   |  ||  |\ `--.|  |   ' '-' '.-'  `)   --.|  |     \    /  |  |\ `--.\   --.         |  `---.'  ''  '|  |   \   --.|  \  \\ '-'  |
`--'   `--'`--' `---'`--'    `---' `----' `----'`--'      `--'   `--' `---' `----'         `------' `----' `--'    `----'`--'`--'`--`--'
2024-11-20T18:10:17.960Z  INFO 1 --- [msvc-eureka] [           main] c.i.eureka.EurekaServiceApplication      : Starting EurekaServiceApplication v0.0.1-SNAPSHOT using Java 17.0.2 with PID 1 (/eureka-service.jar started by root in /)
2024-11-20T18:10:17.969Z  INFO 1 --- [msvc-eureka] [           main] c.i.eureka.EurekaServiceApplication      : No active profile set, falling back to 1 default profile: "default"
2024-11-20T18:10:18.396Z  INFO 1 --- [msvc-eureka] [           main] o.s.c.c.c.ConfigServerConfigDataLoader   : Fetching config from server at : http://ms-config-service:8888
2024-11-20T18:10:18.397Z  INFO 1 --- [msvc-eureka] [           main] o.s.c.c.c.ConfigServerConfigDataLoader   : Located environment: name=msvc-eureka, profiles=[default], label=null, version=null, state=null
2024-11-20T18:10:26.667Z  INFO 1 --- [msvc-eureka] [           main] o.s.cloud.context.scope.GenericScope     : BeanFactory id=51430ddb-2e09-37b2-a3d8-bcca0e216aaf
2024-11-20T18:10:26.997Z  WARN 1 --- [msvc-eureka] [           main] trationDelegate$BeanPostProcessorChecker : Bean 'org.springframework.cloud.client.loadbalancer.LoadBalancerAutoConfiguration$DeferringLoadBalancerInterceptorConfig' of type [org.springframework.cloud.client.loadbalancer.LoadBalancerAutoConfiguration$DeferringLoadBalancerInterceptorConfig] is not eligible for getting processed by all BeanPostProcessors (for example: not eligible for auto-proxying). The currently created BeanPostProcessor [lbRestClientPostProcessor] is declared through a non-static factory method on that class; consider declaring it as static instead.
2024-11-20T18:10:27.011Z  WARN 1 --- [msvc-eureka] [           main] trationDelegate$BeanPostProcessorChecker : Bean 'deferringLoadBalancerInterceptor' of type [org.springframework.cloud.client.loadbalancer.DeferringLoadBalancerInterceptor] is not eligible for getting processed by all BeanPostProcessors (for example: not eligible for auto-proxying). Is this bean getting eagerly injected into a currently created BeanPostProcessor [lbRestClientPostProcessor]? Check the corresponding BeanPostProcessor declaration and its dependencies.
2024-11-20T18:10:28.386Z  INFO 1 --- [msvc-eureka] [           main] o.s.b.w.embedded.tomcat.TomcatWebServer  : Tomcat initialized with port 8761 (http)
2024-11-20T18:10:28.457Z  INFO 1 --- [msvc-eureka] [           main] o.apache.catalina.core.StandardService   : Starting service [Tomcat]
2024-11-20T18:10:28.458Z  INFO 1 --- [msvc-eureka] [           main] o.apache.catalina.core.StandardEngine    : Starting Servlet engine: [Apache Tomcat/10.1.30]
2024-11-20T18:10:28.725Z  INFO 1 --- [msvc-eureka] [           main] o.a.c.c.C.[Tomcat].[localhost].[/]       : Initializing Spring embedded WebApplicationContext
2024-11-20T18:10:28.734Z  INFO 1 --- [msvc-eureka] [           main] w.s.c.ServletWebServerApplicationContext : Root WebApplicationContext: initialization completed in 10311 ms
Standard Commons Logging discovery in action with spring-jcl: please remove commons-logging.jar from classpath in order to avoid potential conflicts
2024-11-20T18:10:38.383Z  INFO 1 --- [msvc-eureka] [           main] c.n.d.provider.DiscoveryJerseyProvider   : Using JSON encoding codec LegacyJacksonJson
2024-11-20T18:10:38.392Z  INFO 1 --- [msvc-eureka] [           main] c.n.d.provider.DiscoveryJerseyProvider   : Using JSON decoding codec LegacyJacksonJson
2024-11-20T18:10:40.018Z  INFO 1 --- [msvc-eureka] [           main] c.n.d.provider.DiscoveryJerseyProvider   : Using XML encoding codec XStreamXml
2024-11-20T18:10:40.019Z  INFO 1 --- [msvc-eureka] [           main] c.n.d.provider.DiscoveryJerseyProvider   : Using XML decoding codec XStreamXml
2024-11-20T18:10:47.342Z  WARN 1 --- [msvc-eureka] [           main] iguration$LoadBalancerCaffeineWarnLogger : Spring Cloud LoadBalancer is currently working with the default cache. While this cache implementation is useful for development and tests, it's recommended to use Caffeine cache in production.You can switch to using Caffeine cache, by adding it and org.springframework.cache.caffeine.CaffeineCacheManager to the classpath.
2024-11-20T18:10:47.551Z  INFO 1 --- [msvc-eureka] [           main] o.s.c.n.eureka.InstanceInfoFactory       : Setting initial instance status as: STARTING
2024-11-20T18:10:47.779Z  INFO 1 --- [msvc-eureka] [           main] com.netflix.discovery.DiscoveryClient    : Initializing Eureka in region us-east-1
2024-11-20T18:10:47.881Z  INFO 1 --- [msvc-eureka] [           main] c.n.d.provider.DiscoveryJerseyProvider   : Using JSON encoding codec LegacyJacksonJson
2024-11-20T18:10:47.883Z  INFO 1 --- [msvc-eureka] [           main] c.n.d.provider.DiscoveryJerseyProvider   : Using JSON decoding codec LegacyJacksonJson
2024-11-20T18:10:47.883Z  INFO 1 --- [msvc-eureka] [           main] c.n.d.provider.DiscoveryJerseyProvider   : Using XML encoding codec XStreamXml
2024-11-20T18:10:47.887Z  INFO 1 --- [msvc-eureka] [           main] c.n.d.provider.DiscoveryJerseyProvider   : Using XML decoding codec XStreamXml
2024-11-20T18:10:47.953Z  INFO 1 --- [msvc-eureka] [           main] c.n.d.s.r.aws.ConfigClusterResolver      : Resolving eureka endpoints via configuration
2024-11-20T18:10:47.997Z  INFO 1 --- [msvc-eureka] [           main] com.netflix.discovery.DiscoveryClient    : Disable delta property : false
2024-11-20T18:10:47.998Z  INFO 1 --- [msvc-eureka] [           main] com.netflix.discovery.DiscoveryClient    : Single vip registry refresh property : null
2024-11-20T18:10:48.011Z  INFO 1 --- [msvc-eureka] [           main] com.netflix.discovery.DiscoveryClient    : Force full registry fetch : false
2024-11-20T18:10:48.012Z  INFO 1 --- [msvc-eureka] [           main] com.netflix.discovery.DiscoveryClient    : Application is null : false
2024-11-20T18:10:48.012Z  INFO 1 --- [msvc-eureka] [           main] com.netflix.discovery.DiscoveryClient    : Registered Applications size is zero : true
2024-11-20T18:10:48.013Z  INFO 1 --- [msvc-eureka] [           main] com.netflix.discovery.DiscoveryClient    : Application version is -1: true
2024-11-20T18:10:48.013Z  INFO 1 --- [msvc-eureka] [           main] com.netflix.discovery.DiscoveryClient    : Getting all instance registry info from the eureka server
2024-11-20T18:10:49.133Z  INFO 1 --- [msvc-eureka] [           main] c.n.d.s.t.d.RedirectingEurekaHttpClient  : Request execution error. endpoint=DefaultEndpoint{ serviceUrl='http://localhost:8761/eureka/}, exception=java.net.ConnectException: Connection refused stacktrace=jakarta.ws.rs.ProcessingException: java.net.ConnectException: Connection refused
        at org.glassfish.jersey.client.internal.HttpUrlConnector.apply(HttpUrlConnector.java:288)
        at org.glassfish.jersey.client.ClientRuntime.invoke(ClientRuntime.java:300)
        at org.glassfish.jersey.client.JerseyInvocation.lambda$invoke$0(JerseyInvocation.java:674)
        at org.glassfish.jersey.client.JerseyInvocation.call(JerseyInvocation.java:709)
        at org.glassfish.jersey.client.JerseyInvocation.lambda$runInScope$3(JerseyInvocation.java:703)
        at org.glassfish.jersey.internal.Errors.process(Errors.java:292)
        at org.glassfish.jersey.internal.Errors.process(Errors.java:274)
        at org.glassfish.jersey.internal.Errors.process(Errors.java:205)
        at org.glassfish.jersey.process.internal.RequestScope.runInScope(RequestScope.java:391)
        at org.glassfish.jersey.client.JerseyInvocation.runInScope(JerseyInvocation.java:703)
        at org.glassfish.jersey.client.JerseyInvocation.invoke(JerseyInvocation.java:673)
        at org.glassfish.jersey.client.JerseyInvocation$Builder.method(JerseyInvocation.java:413)
        at org.glassfish.jersey.client.JerseyInvocation$Builder.get(JerseyInvocation.java:313)
        at com.netflix.discovery.shared.transport.jersey3.AbstractJersey3EurekaHttpClient.getApplicationsInternal(AbstractJersey3EurekaHttpClient.java:266)
        at com.netflix.discovery.shared.transport.jersey3.AbstractJersey3EurekaHttpClient.getApplications(AbstractJersey3EurekaHttpClient.java:213)
        at com.netflix.discovery.shared.transport.decorator.EurekaHttpClientDecorator$6.execute(EurekaHttpClientDecorator.java:137)
        at com.netflix.discovery.shared.transport.decorator.MetricsCollectingEurekaHttpClient.execute(MetricsCollectingEurekaHttpClient.java:70)
        at com.netflix.discovery.shared.transport.decorator.EurekaHttpClientDecorator.getApplications(EurekaHttpClientDecorator.java:134)
        at com.netflix.discovery.shared.transport.decorator.EurekaHttpClientDecorator$6.execute(EurekaHttpClientDecorator.java:137)
        at com.netflix.discovery.shared.transport.decorator.RedirectingEurekaHttpClient.executeOnNewServer(RedirectingEurekaHttpClient.java:121)
        at com.netflix.discovery.shared.transport.decorator.RedirectingEurekaHttpClient.execute(RedirectingEurekaHttpClient.java:80)
        at com.netflix.discovery.shared.transport.decorator.EurekaHttpClientDecorator.getApplications(EurekaHttpClientDecorator.java:134)
        at com.netflix.discovery.shared.transport.decorator.EurekaHttpClientDecorator$6.execute(EurekaHttpClientDecorator.java:137)
        at com.netflix.discovery.shared.transport.decorator.RetryableEurekaHttpClient.execute(RetryableEurekaHttpClient.java:120)
        at com.netflix.discovery.shared.transport.decorator.EurekaHttpClientDecorator.getApplications(EurekaHttpClientDecorator.java:134)
        at com.netflix.discovery.shared.transport.decorator.EurekaHttpClientDecorator$6.execute(EurekaHttpClientDecorator.java:137)
        at com.netflix.discovery.shared.transport.decorator.SessionedEurekaHttpClient.execute(SessionedEurekaHttpClient.java:76)
        at com.netflix.discovery.shared.transport.decorator.EurekaHttpClientDecorator.getApplications(EurekaHttpClientDecorator.java:134)
        at com.netflix.discovery.DiscoveryClient.getAndStoreFullRegistry(DiscoveryClient.java:1046)
        at com.netflix.discovery.DiscoveryClient.fetchRegistry(DiscoveryClient.java:961)
        at com.netflix.discovery.DiscoveryClient.<init>(DiscoveryClient.java:410)
        at com.netflix.discovery.DiscoveryClient.<init>(DiscoveryClient.java:245)
        at com.netflix.discovery.DiscoveryClient.<init>(DiscoveryClient.java:240)
        at org.springframework.cloud.netflix.eureka.CloudEurekaClient.<init>(CloudEurekaClient.java:68)
        at org.springframework.cloud.netflix.eureka.EurekaClientAutoConfiguration$RefreshableEurekaClientConfiguration.eurekaClient(EurekaClientAutoConfiguration.java:321)
        at java.base/jdk.internal.reflect.NativeMethodAccessorImpl.invoke0(Native Method)
        at java.base/jdk.internal.reflect.NativeMethodAccessorImpl.invoke(NativeMethodAccessorImpl.java:77)
        at java.base/jdk.internal.reflect.DelegatingMethodAccessorImpl.invoke(DelegatingMethodAccessorImpl.java:43)
        at java.base/java.lang.reflect.Method.invoke(Method.java:568)
        at org.springframework.beans.factory.support.SimpleInstantiationStrategy.instantiate(SimpleInstantiationStrategy.java:146)
        at org.springframework.beans.factory.support.ConstructorResolver.instantiate(ConstructorResolver.java:644)
        at org.springframework.beans.factory.support.ConstructorResolver.instantiateUsingFactoryMethod(ConstructorResolver.java:636)
        at org.springframework.beans.factory.support.AbstractAutowireCapableBeanFactory.instantiateUsingFactoryMethod(AbstractAutowireCapableBeanFactory.java:1355)
        at org.springframework.beans.factory.support.AbstractAutowireCapableBeanFactory.createBeanInstance(AbstractAutowireCapableBeanFactory.java:1185)
        at org.springframework.beans.factory.support.AbstractAutowireCapableBeanFactory.doCreateBean(AbstractAutowireCapableBeanFactory.java:562)
        at org.springframework.beans.factory.support.AbstractAutowireCapableBeanFactory.createBean(AbstractAutowireCapableBeanFactory.java:522)
        at org.springframework.beans.factory.support.AbstractBeanFactory.lambda$doGetBean$1(AbstractBeanFactory.java:376)
        at org.springframework.cloud.context.scope.GenericScope$BeanLifecycleWrapper.getBean(GenericScope.java:375)
        at org.springframework.cloud.context.scope.GenericScope.get(GenericScope.java:179)
        at org.springframework.beans.factory.support.AbstractBeanFactory.doGetBean(AbstractBeanFactory.java:373)
        at org.springframework.beans.factory.support.AbstractBeanFactory.getBean(AbstractBeanFactory.java:200)
        at org.springframework.aop.target.SimpleBeanTargetSource.getTarget(SimpleBeanTargetSource.java:35)
        at org.springframework.aop.framework.JdkDynamicAopProxy.invoke(JdkDynamicAopProxy.java:203)
        at jdk.proxy2/jdk.proxy2.$Proxy72.getApplications(Unknown Source)
        at org.springframework.cloud.netflix.eureka.server.EurekaServerAutoConfiguration.peerAwareInstanceRegistry(EurekaServerAutoConfiguration.java:240)
        at java.base/jdk.internal.reflect.NativeMethodAccessorImpl.invoke0(Native Method)
        at java.base/jdk.internal.reflect.NativeMethodAccessorImpl.invoke(NativeMethodAccessorImpl.java:77)
        at java.base/jdk.internal.reflect.DelegatingMethodAccessorImpl.invoke(DelegatingMethodAccessorImpl.java:43)
        at java.base/java.lang.reflect.Method.invoke(Method.java:568)
        at org.springframework.beans.factory.support.SimpleInstantiationStrategy.instantiate(SimpleInstantiationStrategy.java:146)
        at org.springframework.beans.factory.support.ConstructorResolver.instantiate(ConstructorResolver.java:644)
        at org.springframework.beans.factory.support.ConstructorResolver.instantiateUsingFactoryMethod(ConstructorResolver.java:636)
        at org.springframework.beans.factory.support.AbstractAutowireCapableBeanFactory.instantiateUsingFactoryMethod(AbstractAutowireCapableBeanFactory.java:1355)
        at org.springframework.beans.factory.support.AbstractAutowireCapableBeanFactory.createBeanInstance(AbstractAutowireCapableBeanFactory.java:1185)
        at org.springframework.beans.factory.support.AbstractAutowireCapableBeanFactory.doCreateBean(AbstractAutowireCapableBeanFactory.java:562)
        at org.springframework.beans.factory.support.AbstractAutowireCapableBeanFactory.createBean(AbstractAutowireCapableBeanFactory.java:522)
        at org.springframework.beans.factory.support.AbstractBeanFactory.lambda$doGetBean$0(AbstractBeanFactory.java:337)
        at org.springframework.beans.factory.support.DefaultSingletonBeanRegistry.getSingleton(DefaultSingletonBeanRegistry.java:234)
        at org.springframework.beans.factory.support.AbstractBeanFactory.doGetBean(AbstractBeanFactory.java:335)
        at org.springframework.beans.factory.support.AbstractBeanFactory.getBean(AbstractBeanFactory.java:200)
        at org.springframework.beans.factory.config.DependencyDescriptor.resolveCandidate(DependencyDescriptor.java:254)
        at org.springframework.beans.factory.support.DefaultListableBeanFactory.doResolveDependency(DefaultListableBeanFactory.java:1443)
        at org.springframework.beans.factory.support.DefaultListableBeanFactory.resolveDependency(DefaultListableBeanFactory.java:1353)
        at org.springframework.beans.factory.support.ConstructorResolver.resolveAutowiredArgument(ConstructorResolver.java:904)
        at org.springframework.beans.factory.support.ConstructorResolver.createArgumentArray(ConstructorResolver.java:782)
        at org.springframework.beans.factory.support.ConstructorResolver.instantiateUsingFactoryMethod(ConstructorResolver.java:542)
        at org.springframework.beans.factory.support.AbstractAutowireCapableBeanFactory.instantiateUsingFactoryMethod(AbstractAutowireCapableBeanFactory.java:1355)
        at org.springframework.beans.factory.support.AbstractAutowireCapableBeanFactory.createBeanInstance(AbstractAutowireCapableBeanFactory.java:1185)
        at org.springframework.beans.factory.support.AbstractAutowireCapableBeanFactory.doCreateBean(AbstractAutowireCapableBeanFactory.java:562)
        at org.springframework.beans.factory.support.AbstractAutowireCapableBeanFactory.createBean(AbstractAutowireCapableBeanFactory.java:522)
        at org.springframework.beans.factory.support.AbstractBeanFactory.lambda$doGetBean$0(AbstractBeanFactory.java:337)
        at org.springframework.beans.factory.support.DefaultSingletonBeanRegistry.getSingleton(DefaultSingletonBeanRegistry.java:234)
        at org.springframework.beans.factory.support.AbstractBeanFactory.doGetBean(AbstractBeanFactory.java:335)
        at org.springframework.beans.factory.support.AbstractBeanFactory.getBean(AbstractBeanFactory.java:200)
        at org.springframework.beans.factory.config.DependencyDescriptor.resolveCandidate(DependencyDescriptor.java:254)
        at org.springframework.beans.factory.support.DefaultListableBeanFactory.doResolveDependency(DefaultListableBeanFactory.java:1443)
        at org.springframework.beans.factory.support.DefaultListableBeanFactory.resolveDependency(DefaultListableBeanFactory.java:1353)
        at org.springframework.beans.factory.annotation.AutowiredAnnotationBeanPostProcessor$AutowiredFieldElement.resolveFieldValue(AutowiredAnnotationBeanPostProcessor.java:785)
        at org.springframework.beans.factory.annotation.AutowiredAnnotationBeanPostProcessor$AutowiredFieldElement.inject(AutowiredAnnotationBeanPostProcessor.java:768)
        at org.springframework.beans.factory.annotation.InjectionMetadata.inject(InjectionMetadata.java:145)
        at org.springframework.beans.factory.annotation.AutowiredAnnotationBeanPostProcessor.postProcessProperties(AutowiredAnnotationBeanPostProcessor.java:509)
        at org.springframework.beans.factory.support.AbstractAutowireCapableBeanFactory.populateBean(AbstractAutowireCapableBeanFactory.java:1439)
        at org.springframework.beans.factory.support.AbstractAutowireCapableBeanFactory.doCreateBean(AbstractAutowireCapableBeanFactory.java:599)
        at org.springframework.beans.factory.support.AbstractAutowireCapableBeanFactory.createBean(AbstractAutowireCapableBeanFactory.java:522)
        at org.springframework.beans.factory.support.AbstractBeanFactory.lambda$doGetBean$0(AbstractBeanFactory.java:337)
        at org.springframework.beans.factory.support.DefaultSingletonBeanRegistry.getSingleton(DefaultSingletonBeanRegistry.java:234)
        at org.springframework.beans.factory.support.AbstractBeanFactory.doGetBean(AbstractBeanFactory.java:335)
        at org.springframework.beans.factory.support.AbstractBeanFactory.getBean(AbstractBeanFactory.java:200)
        at org.springframework.beans.factory.support.DefaultListableBeanFactory.preInstantiateSingletons(DefaultListableBeanFactory.java:975)
        at org.springframework.context.support.AbstractApplicationContext.finishBeanFactoryInitialization(AbstractApplicationContext.java:971)
        at org.springframework.context.support.AbstractApplicationContext.refresh(AbstractApplicationContext.java:625)
        at org.springframework.boot.web.servlet.context.ServletWebServerApplicationContext.refresh(ServletWebServerApplicationContext.java:146)
        at org.springframework.boot.SpringApplication.refresh(SpringApplication.java:754)
        at org.springframework.boot.SpringApplication.refreshContext(SpringApplication.java:456)
        at org.springframework.boot.SpringApplication.run(SpringApplication.java:335)
        at org.springframework.boot.SpringApplication.run(SpringApplication.java:1363)
        at org.springframework.boot.SpringApplication.run(SpringApplication.java:1352)
        at com.inncontrol.eureka.EurekaServiceApplication.main(EurekaServiceApplication.java:12)
        at java.base/jdk.internal.reflect.NativeMethodAccessorImpl.invoke0(Native Method)
        at java.base/jdk.internal.reflect.NativeMethodAccessorImpl.invoke(NativeMethodAccessorImpl.java:77)
        at java.base/jdk.internal.reflect.DelegatingMethodAccessorImpl.invoke(DelegatingMethodAccessorImpl.java:43)
        at java.base/java.lang.reflect.Method.invoke(Method.java:568)
        at org.springframework.boot.loader.launch.Launcher.launch(Launcher.java:102)
        at org.springframework.boot.loader.launch.Launcher.launch(Launcher.java:64)
        at org.springframework.boot.loader.launch.JarLauncher.main(JarLauncher.java:40)
Caused by: java.net.ConnectException: Connection refused
        at java.base/sun.nio.ch.Net.pollConnect(Native Method)
        at java.base/sun.nio.ch.Net.pollConnectNow(Net.java:672)
        at java.base/sun.nio.ch.NioSocketImpl.timedFinishConnect(NioSocketImpl.java:542)
        at java.base/sun.nio.ch.NioSocketImpl.connect(NioSocketImpl.java:597)
        at java.base/java.net.Socket.connect(Socket.java:633)
        at java.base/sun.net.NetworkClient.doConnect(NetworkClient.java:178)
        at java.base/sun.net.www.http.HttpClient.openServer(HttpClient.java:498)
        at java.base/sun.net.www.http.HttpClient.openServer(HttpClient.java:603)
        at java.base/sun.net.www.http.HttpClient.<init>(HttpClient.java:246)
        at java.base/sun.net.www.http.HttpClient.New(HttpClient.java:351)
        at java.base/sun.net.www.http.HttpClient.New(HttpClient.java:373)
        at java.base/sun.net.www.protocol.http.HttpURLConnection.getNewHttpClient(HttpURLConnection.java:1309)
        at java.base/sun.net.www.protocol.http.HttpURLConnection.plainConnect0(HttpURLConnection.java:1242)
        at java.base/sun.net.www.protocol.http.HttpURLConnection.plainConnect(HttpURLConnection.java:1128)
        at java.base/sun.net.www.protocol.http.HttpURLConnection.connect(HttpURLConnection.java:1057)
        at java.base/sun.net.www.protocol.http.HttpURLConnection.getInputStream0(HttpURLConnection.java:1665)
        at java.base/sun.net.www.protocol.http.HttpURLConnection.getInputStream(HttpURLConnection.java:1589)
        at java.base/java.net.HttpURLConnection.getResponseCode(HttpURLConnection.java:529)
        at org.glassfish.jersey.client.internal.HttpUrlConnector._apply(HttpUrlConnector.java:449)
        at org.glassfish.jersey.client.internal.HttpUrlConnector.apply(HttpUrlConnector.java:286)
        ... 114 more

2024-11-20T18:10:49.136Z  WARN 1 --- [msvc-eureka] [           main] c.n.d.s.t.d.RetryableEurekaHttpClient    : Request execution failed with message: java.net.ConnectException: Connection refused
2024-11-20T18:10:49.138Z  INFO 1 --- [msvc-eureka] [           main] com.netflix.discovery.DiscoveryClient    : DiscoveryClient_MSVC-EUREKA/msvc-eureka:e5e29dbfa74a528fd3f577dd9233d47a - was unable to refresh its cache! This periodic background refresh will be retried in 30 seconds. status = Cannot execute request on any known server stacktrace = com.netflix.discovery.shared.transport.TransportException: Cannot execute request on any known server
        at com.netflix.discovery.shared.transport.decorator.RetryableEurekaHttpClient.execute(RetryableEurekaHttpClient.java:112)
        at com.netflix.discovery.shared.transport.decorator.EurekaHttpClientDecorator.getApplications(EurekaHttpClientDecorator.java:134)
        at com.netflix.discovery.shared.transport.decorator.EurekaHttpClientDecorator$6.execute(EurekaHttpClientDecorator.java:137)
        at com.netflix.discovery.shared.transport.decorator.SessionedEurekaHttpClient.execute(SessionedEurekaHttpClient.java:76)
        at com.netflix.discovery.shared.transport.decorator.EurekaHttpClientDecorator.getApplications(EurekaHttpClientDecorator.java:134)
        at com.netflix.discovery.DiscoveryClient.getAndStoreFullRegistry(DiscoveryClient.java:1046)
        at com.netflix.discovery.DiscoveryClient.fetchRegistry(DiscoveryClient.java:961)
        at com.netflix.discovery.DiscoveryClient.<init>(DiscoveryClient.java:410)
        at com.netflix.discovery.DiscoveryClient.<init>(DiscoveryClient.java:245)
        at com.netflix.discovery.DiscoveryClient.<init>(DiscoveryClient.java:240)
        at org.springframework.cloud.netflix.eureka.CloudEurekaClient.<init>(CloudEurekaClient.java:68)
        at org.springframework.cloud.netflix.eureka.EurekaClientAutoConfiguration$RefreshableEurekaClientConfiguration.eurekaClient(EurekaClientAutoConfiguration.java:321)
        at java.base/jdk.internal.reflect.NativeMethodAccessorImpl.invoke0(Native Method)
        at java.base/jdk.internal.reflect.NativeMethodAccessorImpl.invoke(NativeMethodAccessorImpl.java:77)
        at java.base/jdk.internal.reflect.DelegatingMethodAccessorImpl.invoke(DelegatingMethodAccessorImpl.java:43)
        at java.base/java.lang.reflect.Method.invoke(Method.java:568)
        at org.springframework.beans.factory.support.SimpleInstantiationStrategy.instantiate(SimpleInstantiationStrategy.java:146)
        at org.springframework.beans.factory.support.ConstructorResolver.instantiate(ConstructorResolver.java:644)
        at org.springframework.beans.factory.support.ConstructorResolver.instantiateUsingFactoryMethod(ConstructorResolver.java:636)
        at org.springframework.beans.factory.support.AbstractAutowireCapableBeanFactory.instantiateUsingFactoryMethod(AbstractAutowireCapableBeanFactory.java:1355)
        at org.springframework.beans.factory.support.AbstractAutowireCapableBeanFactory.createBeanInstance(AbstractAutowireCapableBeanFactory.java:1185)
        at org.springframework.beans.factory.support.AbstractAutowireCapableBeanFactory.doCreateBean(AbstractAutowireCapableBeanFactory.java:562)
        at org.springframework.beans.factory.support.AbstractAutowireCapableBeanFactory.createBean(AbstractAutowireCapableBeanFactory.java:522)
        at org.springframework.beans.factory.support.AbstractBeanFactory.lambda$doGetBean$1(AbstractBeanFactory.java:376)
        at org.springframework.cloud.context.scope.GenericScope$BeanLifecycleWrapper.getBean(GenericScope.java:375)
        at org.springframework.cloud.context.scope.GenericScope.get(GenericScope.java:179)
        at org.springframework.beans.factory.support.AbstractBeanFactory.doGetBean(AbstractBeanFactory.java:373)
        at org.springframework.beans.factory.support.AbstractBeanFactory.getBean(AbstractBeanFactory.java:200)
        at org.springframework.aop.target.SimpleBeanTargetSource.getTarget(SimpleBeanTargetSource.java:35)
        at org.springframework.aop.framework.JdkDynamicAopProxy.invoke(JdkDynamicAopProxy.java:203)
        at jdk.proxy2/jdk.proxy2.$Proxy72.getApplications(Unknown Source)
        at org.springframework.cloud.netflix.eureka.server.EurekaServerAutoConfiguration.peerAwareInstanceRegistry(EurekaServerAutoConfiguration.java:240)
        at java.base/jdk.internal.reflect.NativeMethodAccessorImpl.invoke0(Native Method)
        at java.base/jdk.internal.reflect.NativeMethodAccessorImpl.invoke(NativeMethodAccessorImpl.java:77)
        at java.base/jdk.internal.reflect.DelegatingMethodAccessorImpl.invoke(DelegatingMethodAccessorImpl.java:43)
        at java.base/java.lang.reflect.Method.invoke(Method.java:568)
        at org.springframework.beans.factory.support.SimpleInstantiationStrategy.instantiate(SimpleInstantiationStrategy.java:146)
        at org.springframework.beans.factory.support.ConstructorResolver.instantiate(ConstructorResolver.java:644)
        at org.springframework.beans.factory.support.ConstructorResolver.instantiateUsingFactoryMethod(ConstructorResolver.java:636)
        at org.springframework.beans.factory.support.AbstractAutowireCapableBeanFactory.instantiateUsingFactoryMethod(AbstractAutowireCapableBeanFactory.java:1355)
        at org.springframework.beans.factory.support.AbstractAutowireCapableBeanFactory.createBeanInstance(AbstractAutowireCapableBeanFactory.java:1185)
        at org.springframework.beans.factory.support.AbstractAutowireCapableBeanFactory.doCreateBean(AbstractAutowireCapableBeanFactory.java:562)
        at org.springframework.beans.factory.support.AbstractAutowireCapableBeanFactory.createBean(AbstractAutowireCapableBeanFactory.java:522)
        at org.springframework.beans.factory.support.AbstractBeanFactory.lambda$doGetBean$0(AbstractBeanFactory.java:337)
        at org.springframework.beans.factory.support.DefaultSingletonBeanRegistry.getSingleton(DefaultSingletonBeanRegistry.java:234)
        at org.springframework.beans.factory.support.AbstractBeanFactory.doGetBean(AbstractBeanFactory.java:335)
        at org.springframework.beans.factory.support.AbstractBeanFactory.getBean(AbstractBeanFactory.java:200)
        at org.springframework.beans.factory.config.DependencyDescriptor.resolveCandidate(DependencyDescriptor.java:254)
        at org.springframework.beans.factory.support.DefaultListableBeanFactory.doResolveDependency(DefaultListableBeanFactory.java:1443)
        at org.springframework.beans.factory.support.DefaultListableBeanFactory.resolveDependency(DefaultListableBeanFactory.java:1353)
        at org.springframework.beans.factory.support.ConstructorResolver.resolveAutowiredArgument(ConstructorResolver.java:904)
        at org.springframework.beans.factory.support.ConstructorResolver.createArgumentArray(ConstructorResolver.java:782)
        at org.springframework.beans.factory.support.ConstructorResolver.instantiateUsingFactoryMethod(ConstructorResolver.java:542)
        at org.springframework.beans.factory.support.AbstractAutowireCapableBeanFactory.instantiateUsingFactoryMethod(AbstractAutowireCapableBeanFactory.java:1355)
        at org.springframework.beans.factory.support.AbstractAutowireCapableBeanFactory.createBeanInstance(AbstractAutowireCapableBeanFactory.java:1185)
        at org.springframework.beans.factory.support.AbstractAutowireCapableBeanFactory.doCreateBean(AbstractAutowireCapableBeanFactory.java:562)
        at org.springframework.beans.factory.support.AbstractAutowireCapableBeanFactory.createBean(AbstractAutowireCapableBeanFactory.java:522)
        at org.springframework.beans.factory.support.AbstractBeanFactory.lambda$doGetBean$0(AbstractBeanFactory.java:337)
        at org.springframework.beans.factory.support.DefaultSingletonBeanRegistry.getSingleton(DefaultSingletonBeanRegistry.java:234)
        at org.springframework.beans.factory.support.AbstractBeanFactory.doGetBean(AbstractBeanFactory.java:335)
        at org.springframework.beans.factory.support.AbstractBeanFactory.getBean(AbstractBeanFactory.java:200)
        at org.springframework.beans.factory.config.DependencyDescriptor.resolveCandidate(DependencyDescriptor.java:254)
        at org.springframework.beans.factory.support.DefaultListableBeanFactory.doResolveDependency(DefaultListableBeanFactory.java:1443)
        at org.springframework.beans.factory.support.DefaultListableBeanFactory.resolveDependency(DefaultListableBeanFactory.java:1353)
        at org.springframework.beans.factory.annotation.AutowiredAnnotationBeanPostProcessor$AutowiredFieldElement.resolveFieldValue(AutowiredAnnotationBeanPostProcessor.java:785)
        at org.springframework.beans.factory.annotation.AutowiredAnnotationBeanPostProcessor$AutowiredFieldElement.inject(AutowiredAnnotationBeanPostProcessor.java:768)
        at org.springframework.beans.factory.annotation.InjectionMetadata.inject(InjectionMetadata.java:145)
        at org.springframework.beans.factory.annotation.AutowiredAnnotationBeanPostProcessor.postProcessProperties(AutowiredAnnotationBeanPostProcessor.java:509)
        at org.springframework.beans.factory.support.AbstractAutowireCapableBeanFactory.populateBean(AbstractAutowireCapableBeanFactory.java:1439)
        at org.springframework.beans.factory.support.AbstractAutowireCapableBeanFactory.doCreateBean(AbstractAutowireCapableBeanFactory.java:599)
        at org.springframework.beans.factory.support.AbstractAutowireCapableBeanFactory.createBean(AbstractAutowireCapableBeanFactory.java:522)
        at org.springframework.beans.factory.support.AbstractBeanFactory.lambda$doGetBean$0(AbstractBeanFactory.java:337)
        at org.springframework.beans.factory.support.DefaultSingletonBeanRegistry.getSingleton(DefaultSingletonBeanRegistry.java:234)
        at org.springframework.beans.factory.support.AbstractBeanFactory.doGetBean(AbstractBeanFactory.java:335)
        at org.springframework.beans.factory.support.AbstractBeanFactory.getBean(AbstractBeanFactory.java:200)
        at org.springframework.beans.factory.support.DefaultListableBeanFactory.preInstantiateSingletons(DefaultListableBeanFactory.java:975)
        at org.springframework.context.support.AbstractApplicationContext.finishBeanFactoryInitialization(AbstractApplicationContext.java:971)
        at org.springframework.context.support.AbstractApplicationContext.refresh(AbstractApplicationContext.java:625)
        at org.springframework.boot.web.servlet.context.ServletWebServerApplicationContext.refresh(ServletWebServerApplicationContext.java:146)
        at org.springframework.boot.SpringApplication.refresh(SpringApplication.java:754)
        at org.springframework.boot.SpringApplication.refreshContext(SpringApplication.java:456)
        at org.springframework.boot.SpringApplication.run(SpringApplication.java:335)
        at org.springframework.boot.SpringApplication.run(SpringApplication.java:1363)
        at org.springframework.boot.SpringApplication.run(SpringApplication.java:1352)
        at com.inncontrol.eureka.EurekaServiceApplication.main(EurekaServiceApplication.java:12)
        at java.base/jdk.internal.reflect.NativeMethodAccessorImpl.invoke0(Native Method)
        at java.base/jdk.internal.reflect.NativeMethodAccessorImpl.invoke(NativeMethodAccessorImpl.java:77)
        at java.base/jdk.internal.reflect.DelegatingMethodAccessorImpl.invoke(DelegatingMethodAccessorImpl.java:43)
        at java.base/java.lang.reflect.Method.invoke(Method.java:568)
        at org.springframework.boot.loader.launch.Launcher.launch(Launcher.java:102)
        at org.springframework.boot.loader.launch.Launcher.launch(Launcher.java:64)
        at org.springframework.boot.loader.launch.JarLauncher.main(JarLauncher.java:40)

2024-11-20T18:10:49.140Z  INFO 1 --- [msvc-eureka] [           main] com.netflix.discovery.DiscoveryClient    : Initial registry fetch from primary servers failed
2024-11-20T18:10:49.140Z  WARN 1 --- [msvc-eureka] [           main] com.netflix.discovery.DiscoveryClient    : Using default backup registry implementation which does not do anything.
2024-11-20T18:10:49.141Z  INFO 1 --- [msvc-eureka] [           main] com.netflix.discovery.DiscoveryClient    : Initial registry fetch from backup servers failed
2024-11-20T18:10:49.147Z  INFO 1 --- [msvc-eureka] [           main] com.netflix.discovery.DiscoveryClient    : Starting heartbeat executor: renew interval is: 30
2024-11-20T18:10:49.163Z  INFO 1 --- [msvc-eureka] [           main] c.n.discovery.InstanceInfoReplicator     : InstanceInfoReplicator onDemand update allowed rate per min is 4
2024-11-20T18:10:49.180Z  INFO 1 --- [msvc-eureka] [           main] com.netflix.discovery.DiscoveryClient    : Discovery Client initialized at timestamp 1732126249178 with initial instances count: 0
2024-11-20T18:10:49.800Z  INFO 1 --- [msvc-eureka] [           main] c.n.eureka.DefaultEurekaServerContext    : Initializing ...
2024-11-20T18:10:49.806Z  INFO 1 --- [msvc-eureka] [           main] c.n.eureka.cluster.PeerEurekaNodes       : Adding new peer nodes [http://localhost:8761/eureka/]
2024-11-20T18:10:51.021Z  INFO 1 --- [msvc-eureka] [           main] c.n.d.provider.DiscoveryJerseyProvider   : Using JSON encoding codec LegacyJacksonJson
2024-11-20T18:10:51.023Z  INFO 1 --- [msvc-eureka] [           main] c.n.d.provider.DiscoveryJerseyProvider   : Using JSON decoding codec LegacyJacksonJson
2024-11-20T18:10:51.024Z  INFO 1 --- [msvc-eureka] [           main] c.n.d.provider.DiscoveryJerseyProvider   : Using XML encoding codec XStreamXml
2024-11-20T18:10:51.024Z  INFO 1 --- [msvc-eureka] [           main] c.n.d.provider.DiscoveryJerseyProvider   : Using XML decoding codec XStreamXml
2024-11-20T18:10:51.491Z  INFO 1 --- [msvc-eureka] [           main] c.n.eureka.cluster.PeerEurekaNodes       : Replica node URL:  http://localhost:8761/eureka/
2024-11-20T18:10:51.573Z  INFO 1 --- [msvc-eureka] [           main] c.n.e.registry.AbstractInstanceRegistry  : Finished initializing remote region registries. All known remote regions: []
2024-11-20T18:10:51.582Z  INFO 1 --- [msvc-eureka] [           main] c.n.eureka.DefaultEurekaServerContext    : Initialized
2024-11-20T18:10:51.663Z  INFO 1 --- [msvc-eureka] [           main] o.s.b.a.e.web.EndpointLinksResolver      : Exposing 1 endpoint beneath base path '/actuator'
2024-11-20T18:10:52.036Z  INFO 1 --- [msvc-eureka] [           main] o.s.c.n.e.s.EurekaServiceRegistry        : Registering application MSVC-EUREKA with eureka with status UP
2024-11-20T18:10:52.045Z  INFO 1 --- [msvc-eureka] [           main] com.netflix.discovery.DiscoveryClient    : Saw local status change event StatusChangeEvent [timestamp=1732126252045, current=UP, previous=STARTING]
2024-11-20T18:10:52.062Z  INFO 1 --- [msvc-eureka] [foReplicator-%d] com.netflix.discovery.DiscoveryClient    : DiscoveryClient_MSVC-EUREKA/msvc-eureka:e5e29dbfa74a528fd3f577dd9233d47a: registering service...
2024-11-20T18:10:52.187Z  INFO 1 --- [msvc-eureka] [       Thread-9] o.s.c.n.e.server.EurekaServerBootstrap   : isAws returned false
2024-11-20T18:10:52.190Z  INFO 1 --- [msvc-eureka] [       Thread-9] o.s.c.n.e.server.EurekaServerBootstrap   : Initialized server context
2024-11-20T18:10:52.398Z  INFO 1 --- [msvc-eureka] [           main] o.s.b.w.embedded.tomcat.TomcatWebServer  : Tomcat started on port 8761 (http) with context path '/'
2024-11-20T18:10:52.400Z  INFO 1 --- [msvc-eureka] [           main] .s.c.n.e.s.EurekaAutoServiceRegistration : Updating port to 8761
2024-11-20T18:10:52.540Z  INFO 1 --- [msvc-eureka] [           main] c.i.eureka.EurekaServiceApplication      : Started EurekaServiceApplication in 43.438 seconds (process running for 48.778)
2024-11-20T18:10:53.046Z  INFO 1 --- [msvc-eureka] [nio-8761-exec-1] o.a.c.c.C.[Tomcat].[localhost].[/]       : Initializing Spring DispatcherServlet 'dispatcherServlet'
2024-11-20T18:10:53.047Z  INFO 1 --- [msvc-eureka] [nio-8761-exec-1] o.s.web.servlet.DispatcherServlet        : Initializing Servlet 'dispatcherServlet'
2024-11-20T18:10:53.068Z  INFO 1 --- [msvc-eureka] [nio-8761-exec-1] o.s.web.servlet.DispatcherServlet        : Completed initialization in 19 ms
2024-11-20T18:10:53.635Z  INFO 1 --- [msvc-eureka] [nio-8761-exec-1] c.n.e.registry.AbstractInstanceRegistry  : Registered instance MSVC-EUREKA/msvc-eureka:e5e29dbfa74a528fd3f577dd9233d47a with status UP (replication=false)
2024-11-20T18:10:53.757Z  INFO 1 --- [msvc-eureka] [foReplicator-%d] com.netflix.discovery.DiscoveryClient    : DiscoveryClient_MSVC-EUREKA/msvc-eureka:e5e29dbfa74a528fd3f577dd9233d47a - registration status: 204
2024-11-20T18:10:54.732Z  INFO 1 --- [msvc-eureka] [nio-8761-exec-2] c.n.e.registry.AbstractInstanceRegistry  : Registered instance MSVC-EUREKA/msvc-eureka:e5e29dbfa74a528fd3f577dd9233d47a with status UP (replication=true)
2024-11-20T18:11:19.142Z  INFO 1 --- [msvc-eureka] [reshExecutor-%d] com.netflix.discovery.DiscoveryClient    : Disable delta property : false
2024-11-20T18:11:19.143Z  INFO 1 --- [msvc-eureka] [reshExecutor-%d] com.netflix.discovery.DiscoveryClient    : Single vip registry refresh property : null
2024-11-20T18:11:19.143Z  INFO 1 --- [msvc-eureka] [reshExecutor-%d] com.netflix.discovery.DiscoveryClient    : Force full registry fetch : false
2024-11-20T18:11:19.143Z  INFO 1 --- [msvc-eureka] [reshExecutor-%d] com.netflix.discovery.DiscoveryClient    : Application is null : false
2024-11-20T18:11:19.143Z  INFO 1 --- [msvc-eureka] [reshExecutor-%d] com.netflix.discovery.DiscoveryClient    : Registered Applications size is zero : true
2024-11-20T18:11:19.143Z  INFO 1 --- [msvc-eureka] [reshExecutor-%d] com.netflix.discovery.DiscoveryClient    : Application version is -1: true
2024-11-20T18:11:19.143Z  INFO 1 --- [msvc-eureka] [reshExecutor-%d] com.netflix.discovery.DiscoveryClient    : Getting all instance registry info from the eureka server
2024-11-20T18:11:19.224Z  INFO 1 --- [msvc-eureka] [reshExecutor-%d] com.netflix.discovery.DiscoveryClient    : The response status is 200
2024-11-20T18:11:22.216Z  INFO 1 --- [msvc-eureka] [       Thread-9] c.n.e.registry.AbstractInstanceRegistry  : Registered instance MSVC-EUREKA/msvc-eureka:e5e29dbfa74a528fd3f577dd9233d47a with status UP (replication=true)
2024-11-20T18:11:22.217Z  INFO 1 --- [msvc-eureka] [       Thread-9] c.n.e.r.PeerAwareInstanceRegistryImpl    : Got 1 instances from neighboring DS node
2024-11-20T18:11:22.219Z  INFO 1 --- [msvc-eureka] [       Thread-9] c.n.e.r.PeerAwareInstanceRegistryImpl    : Renew threshold is: 1
2024-11-20T18:11:22.221Z  INFO 1 --- [msvc-eureka] [       Thread-9] c.n.e.r.PeerAwareInstanceRegistryImpl    : Changing status to UP
2024-11-20T18:11:22.226Z  INFO 1 --- [msvc-eureka] [       Thread-9] e.s.EurekaServerInitializerConfiguration : Started Eureka Server
2024-11-20T18:12:22.227Z  INFO 1 --- [msvc-eureka] [a-EvictionTimer] c.n.e.registry.AbstractInstanceRegistry  : Running the evict task with compensationTime 0ms
2024-11-20T18:13:22.227Z  INFO 1 --- [msvc-eureka] [a-EvictionTimer] c.n.e.registry.AbstractInstanceRegistry  : Running the evict task with compensationTime 5ms
2024-11-20T18:14:22.227Z  INFO 1 --- [msvc-eureka] [a-EvictionTimer] c.n.e.registry.AbstractInstanceRegistry  : Running the evict task with compensationTime 4ms
PS C:\Users\josep>